<?xml version="1.0" encoding="UTF-8"?>
<!-- Generated by org.testng.reporters.JUnitReportReporter -->
<testsuite hostname="com2" failures="0" tests="6" name="api.test.DDTests" time="20.472" errors="0" timestamp="2024-12-25T10:35:29 IST" skipped="0">
  <testcase classname="api.test.DDTests" name="testPostuser" time="3.283"/>
  <testcase classname="api.test.DDTests" name="testPostuser" time="6.486"/>
  <testcase classname="api.test.DDTests" name="testPostuser" time="2.019"/>
  <testcase classname="api.test.DDTests" name="testDeleteUserByName" time="3.259"/>
  <testcase classname="api.test.DDTests" name="testDeleteUserByName" time="2.238"/>
  <testcase classname="api.test.DDTests" name="testDeleteUserByName" time="3.187"/>
</testsuite> <!-- api.test.DDTests -->
