<?xml version="1.0" encoding="UTF-8"?>
<!-- Generated by org.testng.reporters.JUnitReportReporter -->
<testsuite hostname="com2" failures="0" tests="4" name="api.test.UserTests_usingProperties" time="12.712" errors="0" timestamp="2024-12-25T19:54:20 IST" skipped="0">
  <testcase classname="api.test.UserTests_usingProperties" name="testPostUser" time="4.177"/>
  <testcase classname="api.test.UserTests_usingProperties" name="testGetUserByName" time="2.518"/>
  <testcase classname="api.test.UserTests_usingProperties" name="testUpdateUserByName" time="4.114"/>
  <testcase classname="api.test.UserTests_usingProperties" name="testDeleteUserByName" time="1.903"/>
</testsuite> <!-- api.test.UserTests_usingProperties -->
