<?xml version="1.0" encoding="UTF-8"?>
<!-- Generated by org.testng.reporters.JUnitReportReporter -->
<testsuite hostname="com2" failures="0" tests="4" name="api.test.UserTests" time="13.513" errors="0" timestamp="2024-12-25T11:19:48 IST" skipped="0">
  <testcase classname="api.test.UserTests" name="testPostUser" time="5.323"/>
  <testcase classname="api.test.UserTests" name="testGetUserByName" time="1.865"/>
  <testcase classname="api.test.UserTests" name="testUpdateUserByName" time="4.440"/>
  <testcase classname="api.test.UserTests" name="testDeleteUserByName" time="1.885"/>
</testsuite> <!-- api.test.UserTests -->
