<?xml version="1.0" encoding="UTF-8"?>
<!-- Generated by org.testng.reporters.JUnitReportReporter -->
<testsuite hostname="com2" failures="0" tests="4" name="api.test.UserTests_usingProperties" time="16.053" errors="0" timestamp="2024-12-26T10:44:41 IST" skipped="0">
  <testcase classname="api.test.UserTests_usingProperties" name="testPostUser" time="6.360"/>
  <testcase classname="api.test.UserTests_usingProperties" name="testGetUserByName" time="1.972"/>
  <testcase classname="api.test.UserTests_usingProperties" name="testUpdateUserByName" time="5.443"/>
  <testcase classname="api.test.UserTests_usingProperties" name="testDeleteUserByName" time="2.278"/>
</testsuite> <!-- api.test.UserTests_usingProperties -->
